

<!DOCTYPE html>
<html>
<head>
<meta charset="UTF-8">
<meta name="viewport" content="width=device-width, initial-scale=1, shrink-to-fit=no">
<title>Title-Cucumber Framework Report Document</title>
<link rel="apple-touch-icon" href="https://cdn.jsdelivr.net/gh/extent-framework/extent-github-cdn@b00a2d0486596e73dd7326beacf352c639623a0e/commons/img/logo.png">
<link rel="shortcut icon" href="https://cdn.jsdelivr.net/gh/extent-framework/extent-github-cdn@b00a2d0486596e73dd7326beacf352c639623a0e/commons/img/logo.png">
<link href="https://cdn.jsdelivr.net/gh/extent-framework/extent-github-cdn@d6562a79075e061305ccfdb82f01e5e195e2d307/spark/css/spark-style.css" rel="stylesheet" />
<link href="https://stackpath.bootstrapcdn.com/font-awesome/4.7.0/css/font-awesome.min.css" rel="stylesheet">
<script src="https://cdn.jsdelivr.net/gh/extent-framework/extent-github-cdn@7cc78ce/spark/js/jsontree.js"></script>
<style type="text/css"></style></head><body class="spa bdd-report standard">
  <div class="app">
    <div class="layout">
<div class="header navbar">
<div class="vheader">
<div class="nav-logo">
<a href="#">
<div class="logo" style="background-image: url('https://cdn.jsdelivr.net/gh/extent-framework/extent-github-cdn@b00a2d0486596e73dd7326beacf352c639623a0e/commons/img/logo.png')"></div>
</a>
</div>
<ul class="nav-left">
<li class="search-box">
<a class="search-toggle" href="#">
<i class="search-icon fa fa-search"></i>
<i class="search-icon-close fa fa-close"></i>
</a>
</li>
<li class="search-input"><input id="search-tests" class="form-control" type="text" placeholder="Search..."></li>
</ul>
<ul class="nav-right">
<li class="m-r-10">
<a href="#"><span class="badge badge-primary">Cucumber Test Report</span></a>
</li>
<li class="m-r-10">
<a href="#"><span class="badge badge-primary">May 13, 2024 01:32:12 PM</span></a>
</li>
</ul>
</div>
</div><div class="side-nav">
<div class="side-nav-inner">
<ul class="side-nav-menu">
<li class="nav-item dropdown" onclick="toggleView('test-view')">
<a id="nav-test" class="dropdown-toggle" href="#">
<span class="ico"><i class="fa fa-list"></i></span>
</a>
</li>
<li class="nav-item dropdown" onclick="toggleView('exception-view')">
<a id="nav-exception" class="dropdown-toggle" href="#">
<span class="ico"><i class="fa fa-bug"></i></span>
</a>
</li>
<li class="nav-item dropdown" onclick="toggleView('category-view')">
<a id="nav-category" class="dropdown-toggle" href="#">
<span class="ico"><i class="fa fa-tag"></i></span>
</a>
</li>
<li class="nav-item dropdown" onclick="toggleView('dashboard-view')">
<a id="nav-dashboard" class="dropdown-toggle" href="#">
<span class="ico"><i class="fa fa-bar-chart"></i></span>
</a>
</li>
</ul>
</div>
</div>      <div class="vcontainer">
        <div class="main-content">
<div class="test-wrapper row view test-view">
  <div class="test-list">
    <div class="test-list-tools">
<ul class="tools pull-left">
<li><a href="#"><span class="font-size-14">Tests</span></a></li>
</ul>
<ul class="tools text-right">
<li class="dropdown">
<a href="#" class="dropdown-toggle" data-toggle="dropdown"><i class="fa fa-exclamation-circle"></i></a>
<ul id="status-toggle" class="dropdown-menu dropdown-md p-v-0">
<a class="dropdown-item" status="fail" href="#"><span>Fail</span><span class="status danger"></span></a>
<div class="dropdown-divider"></div>
<a status="clear" class="dropdown-item" href="#"><span>Clear</span><span class="pull-right"><i class="fa fa-close"></i></span></a>
</ul>
</li>
<li class="dropdown">
<a href="#" class="dropdown-toggle" data-toggle="dropdown"><i class="fa fa-tag"></i></a>
<ul id="tag-toggle" class="dropdown-menu dropdown-md p-v-0">
<a class="dropdown-item" href="#">@regression</a><a class="dropdown-item" href="#">@Sanity</a>
</ul>
</li>
</ul>
</div>    <div class="test-list-wrapper scrollable">
      <ul class="test-list-item">
        <li class="test-item"  status="fail" test-id="1"
          author=""
          tag=""
          device="">
          <div class="test-detail">
            <p class="name">Customers</p>
            <p class="text-sm">
              <span>1:32:15 PM</span> / <span>00:05:06:034</span>
              <span class="badge fail-bg log float-right">Fail</span>
            </p>
          </div>
          <div class="test-contents d-none">
<div class="detail-head">
<div class="p-v-10">
<div class="info">
<h5 class="test-status text-fail">Customers</h5>
<span class='badge badge-success'>05.13.2024 1:32:15 PM</span>
<span class='badge badge-danger'>05.13.2024 1:37:21 PM</span>
<span class='badge badge-default'>00:05:06:034</span>
&middot; <span class='uri-anchor badge badge-default'>#test-id=1</span>
<span class='badge badge-default pointer float-right ml-1 et'><i class="fa fa-chevron-down"></i></span>
<span class='badge badge-default pointer float-right ct'><i class="fa fa-chevron-up"></i></span>
</div>
<div class="m-t-10 m-l-5"></div>
</div>
</div>
<div class="accordion mt-4">
  <div class="card">
    <div class="card-header" role="tab">
      <div class="card-title">
        <div class="node" id="2"><span class="badge log fail-bg mr-2">Fail</span>Add New Customer</div>
          <div class="status-avatar float-right mr-4">
            <i class="fa fa-paperclip"></i>
          </div>
      </div>
    </div>
        <div class="">
          <div class="card-body">
              <div class="step pass-bg" title="StepDefinition.StepDef.user_launch_chrome_browser()">
                <span>Given User Launch Chrome Browser</span>
      <div>
      </div>
              </div>
              <div class="step pass-bg" title="StepDefinition.StepDef.user_opens_url(java.lang.String)">
                <span>When User opens URL "https://admin-demo.nopcommerce.com/login"</span>
      <div>
      </div>
              </div>
              <div class="step pass-bg" title="StepDefinition.StepDef.user_enters_email_as_and_password_as(java.lang.String,java.lang.String)">
                <span>And User enters Email as "admin@yourstore.com" and Password as "admin"</span>
      <div>
      </div>
              </div>
              <div class="step pass-bg" title="StepDefinition.StepDef.click_on_login()">
                <span>And Click on Login</span>
      <div>
      </div>
              </div>
              <div class="step pass-bg" title="StepDefinition.StepDef.user_can_view_dashboard()">
                <span>Then User can view Dashboard</span>
      <div>
      </div>
              </div>
              <div class="step pass-bg" title="StepDefinition.StepDef.user_click_on_customers_menu()">
                <span>When User click on customers menu</span>
      <div>
      </div>
              </div>
              <div class="step pass-bg" title="StepDefinition.StepDef.click_on_customers_menu_item()">
                <span>And click on customers menu item</span>
      <div>
      </div>
              </div>
              <div class="step pass-bg" title="StepDefinition.StepDef.click_on_add_new_button()">
                <span>And click on Add new button</span>
      <div>
      </div>
              </div>
              <div class="step pass-bg" title="StepDefinition.StepDef.user_can_view_add_new_customer_page()">
                <span>Then User can view Add new customer page</span>
      <div>
      </div>
              </div>
              <div class="step pass-bg" title="StepDefinition.StepDef.user_enter_customer_info()">
                <span>When User enter customer info</span>
      <div>
      </div>
              </div>
              <div class="step pass-bg" title="StepDefinition.StepDef.click_on_save_button()">
                <span>And click on Save button</span>
      <div>
      </div>
              </div>
              <div class="step fail-bg" title="StepDefinition.StepDef.user_can_view_confirmation_message(java.lang.String)">
                <span>Then User can view confirmation message "The new customer has been added successfully."</span>
      <div>
        <textarea disabled class="code-block">java.lang.AssertionError
	at org.junit.Assert.fail(Assert.java:87)
	at org.junit.Assert.assertTrue(Assert.java:42)
	at org.junit.Assert.assertTrue(Assert.java:53)
	at StepDefinition.StepDef.user_can_view_confirmation_message(StepDef.java:258)
	at ✽.User can view confirmation message "The new customer has been added successfully."(file:///C:/Cucumber/CucumberFramework/./Features/Customers.feature:18)
</textarea>
      
      </div>
              </div>
              <div class="step pass-bg" title="AFTER_STEP">
                <span>StepDefinition.StepDef.addScreenshot(io.cucumber.java.Scenario)</span>
      <div>Add New Customer
          <div class="row mb-3"><div class="col-md-3">
<img data-featherlight='../Screenshots/embedded1.png' src="../Screenshots/embedded1.png">
    
    </div></div>
</div>
      <div>
      </div>
              </div>
              <div class="step skip-bg" title="StepDefinition.CloseStef.close_browser()">
                <span>And close browser</span>
      <div>Step skipped
      </div>
              </div>
          </div>
        </div>
  </div>
  <div class="card">
    <div class="card-header" role="tab">
      <div class="card-title">
        <div class="node" id="30"><span class="badge log pass-bg mr-2">Pass</span>Search Customer by Email</div>
      </div>
    </div>
        <div class="collapse">
          <div class="card-body">
              <div class="step pass-bg" title="StepDefinition.StepDef.user_launch_chrome_browser()">
                <span>Given User Launch Chrome Browser</span>
      <div>
      </div>
              </div>
              <div class="step pass-bg" title="StepDefinition.StepDef.user_opens_url(java.lang.String)">
                <span>When User opens URL "https://admin-demo.nopcommerce.com/login"</span>
      <div>
      </div>
              </div>
              <div class="step pass-bg" title="StepDefinition.StepDef.user_enters_email_as_and_password_as(java.lang.String,java.lang.String)">
                <span>And User enters Email as "admin@yourstore.com" and Password as "admin"</span>
      <div>
      </div>
              </div>
              <div class="step pass-bg" title="StepDefinition.StepDef.click_on_login()">
                <span>And Click on Login</span>
      <div>
      </div>
              </div>
              <div class="step pass-bg" title="StepDefinition.StepDef.user_can_view_dashboard()">
                <span>Then User can view Dashboard</span>
      <div>
      </div>
              </div>
              <div class="step pass-bg" title="StepDefinition.StepDef.user_click_on_customers_menu()">
                <span>When User click on customers menu</span>
      <div>
      </div>
              </div>
              <div class="step pass-bg" title="StepDefinition.StepDef.click_on_customers_menu_item()">
                <span>And click on customers menu item</span>
      <div>
      </div>
              </div>
              <div class="step pass-bg" title="StepDefinition.StepDef.enter_customer_email()">
                <span>And Enter Customer Email</span>
      <div>
      </div>
              </div>
              <div class="step pass-bg" title="StepDefinition.StepDef.click_on_search_button()">
                <span>When Click on search button</span>
      <div>
      </div>
              </div>
              <div class="step pass-bg" title="StepDefinition.StepDef.user_should_found_email_in_the_search_table()">
                <span>Then User should found Email in the Search table</span>
      <div>
      </div>
              </div>
              <div class="step pass-bg" title="StepDefinition.CloseStef.close_browser()">
                <span>And close browser</span>
      <div>
      </div>
              </div>
          </div>
        </div>
  </div>
  <div class="card">
    <div class="card-header" role="tab">
      <div class="card-title">
        <div class="node" id="54"><span class="badge log pass-bg mr-2">Pass</span>Search Customer by Name</div>
      </div>
    </div>
        <div class="collapse">
          <div class="card-body">
              <div class="step pass-bg" title="StepDefinition.StepDef.user_launch_chrome_browser()">
                <span>Given User Launch Chrome Browser</span>
      <div>
      </div>
              </div>
              <div class="step pass-bg" title="StepDefinition.StepDef.user_opens_url(java.lang.String)">
                <span>When User opens URL "https://admin-demo.nopcommerce.com/login"</span>
      <div>
      </div>
              </div>
              <div class="step pass-bg" title="StepDefinition.StepDef.user_enters_email_as_and_password_as(java.lang.String,java.lang.String)">
                <span>And User enters Email as "admin@yourstore.com" and Password as "admin"</span>
      <div>
      </div>
              </div>
              <div class="step pass-bg" title="StepDefinition.StepDef.click_on_login()">
                <span>And Click on Login</span>
      <div>
      </div>
              </div>
              <div class="step pass-bg" title="StepDefinition.StepDef.user_can_view_dashboard()">
                <span>Then User can view Dashboard</span>
      <div>
      </div>
              </div>
              <div class="step pass-bg" title="StepDefinition.StepDef.user_click_on_customers_menu()">
                <span>When User click on customers menu</span>
      <div>
      </div>
              </div>
              <div class="step pass-bg" title="StepDefinition.StepDef.click_on_customers_menu_item()">
                <span>And click on customers menu item</span>
      <div>
      </div>
              </div>
              <div class="step pass-bg" title="StepDefinition.StepDef.enter_customer_first_name()">
                <span>And Enter Customer FirstName</span>
      <div>
      </div>
              </div>
              <div class="step pass-bg" title="StepDefinition.StepDef.enter_customer_last_name()">
                <span>And Enter Customer LastName</span>
      <div>
      </div>
              </div>
              <div class="step pass-bg" title="StepDefinition.StepDef.click_on_search_button()">
                <span>When Click on search button</span>
      <div>
      </div>
              </div>
              <div class="step pass-bg" title="StepDefinition.StepDef.user_should_found_name_in_the_search_table()">
                <span>Then User should found Name in the Search table</span>
      <div>
      </div>
              </div>
              <div class="step pass-bg" title="StepDefinition.CloseStef.close_browser()">
                <span>And close browser</span>
      <div>
      </div>
              </div>
          </div>
        </div>
  </div>
</div>
          </div>
        </li>
        <li class="test-item"  status="fail" test-id="80"
          author=""
          tag=""
          device="">
          <div class="test-detail">
            <p class="name">Login</p>
            <p class="text-sm">
              <span>1:37:21 PM</span> / <span>00:01:32:035</span>
              <span class="badge fail-bg log float-right">Fail</span>
            </p>
          </div>
          <div class="test-contents d-none">
<div class="detail-head">
<div class="p-v-10">
<div class="info">
<h5 class="test-status text-fail">Login</h5>
<span class='badge badge-success'>05.13.2024 1:37:21 PM</span>
<span class='badge badge-danger'>05.13.2024 1:38:53 PM</span>
<span class='badge badge-default'>00:01:32:035</span>
&middot; <span class='uri-anchor badge badge-default'>#test-id=80</span>
<span class='badge badge-default pointer float-right ml-1 et'><i class="fa fa-chevron-down"></i></span>
<span class='badge badge-default pointer float-right ct'><i class="fa fa-chevron-up"></i></span>
</div>
<div class="m-t-10 m-l-5"></div>
</div>
</div>
<div class="accordion mt-4">
  <div class="card">
    <div class="card-header" role="tab">
      <div class="card-title">
        <div class="node" id="81"><span class="badge log fail-bg mr-2">Fail</span>Successful Login with Valid Credentials</div>
          <div class="status-avatar float-right mr-4">
            <i class="fa fa-paperclip"></i>
          </div>
      </div>
    </div>
        <div class="">
          <div class="card-body">
              <div class="step pass-bg" title="StepDefinition.StepDef.user_launch_chrome_browser()">
                <span>Given User Launch Chrome Browser</span>
      <div>
      </div>
              </div>
              <div class="step pass-bg" title="StepDefinition.StepDef.user_opens_url(java.lang.String)">
                <span>When User opens URL "https://admin-demo.nopcommerce.com/login"</span>
      <div>
      </div>
              </div>
              <div class="step pass-bg" title="StepDefinition.StepDef.user_enters_email_as_and_password_as(java.lang.String,java.lang.String)">
                <span>And User enters Email as "admin@yourstore.com" and Password as "admin"</span>
      <div>
      </div>
              </div>
              <div class="step pass-bg" title="StepDefinition.StepDef.click_on_login()">
                <span>And Click on Login</span>
      <div>
      </div>
              </div>
              <div class="step pass-bg" title="StepDefinition.StepDef.page_title_should_be(java.lang.String)">
                <span>Then Page Title should be "Dashboard / nopCommerce administration"</span>
      <div>
      </div>
              </div>
              <div class="step fail-bg" title="StepDefinition.StepDef.user_click_on_log_out_link()">
                <span>When User click on Log out link</span>
      <div>
        <textarea disabled class="code-block">org.openqa.selenium.ElementClickInterceptedException: element click intercepted: Element <a class="nav-link" href="/logout">...</a> is not clickable at point (914, 28). Other element would receive the click: <div id="ajaxBusy" style="display: block;">...</div>
  (Session info: chrome=124.0.6367.201)
Build info: version: '4.11.0', revision: '040bc5406b'
System info: os.name: 'Windows 10', os.arch: 'amd64', os.version: '10.0', java.version: '11.0.20'
Driver info: org.openqa.selenium.chrome.ChromeDriver
Command: [85a6458198ad968d0dddda0ff900675a, clickElement {id=f.7F24AB27FD65CDE2075009663B75797A.d.53922FE0EC876A1D06014712E405683C.e.25}]
Capabilities {acceptInsecureCerts: false, browserName: chrome, browserVersion: 124.0.6367.201, chrome: {chromedriverVersion: 124.0.6367.201 (46cf136d27d..., userDataDir: C:\Users\DELL\AppData\Local...}, fedcm:accounts: true, goog:chromeOptions: {debuggerAddress: localhost:51509}, networkConnectionEnabled: false, pageLoadStrategy: normal, platformName: windows, proxy: Proxy(), se:cdp: ws://localhost:51509/devtoo..., se:cdpVersion: 124.0.6367.201, setWindowRect: true, strictFileInteractability: false, timeouts: {implicit: 0, pageLoad: 300000, script: 30000}, unhandledPromptBehavior: dismiss and notify, webauthn:extension:credBlob: true, webauthn:extension:largeBlob: true, webauthn:extension:minPinLength: true, webauthn:extension:prf: true, webauthn:virtualAuthenticators: true}
Element: [[ChromeDriver: chrome on windows (85a6458198ad968d0dddda0ff900675a)] -> xpath: //a[text()='Logout']]
Session ID: 85a6458198ad968d0dddda0ff900675a
	at java.base/jdk.internal.reflect.NativeConstructorAccessorImpl.newInstance0(Native Method)
	at java.base/jdk.internal.reflect.NativeConstructorAccessorImpl.newInstance(NativeConstructorAccessorImpl.java:62)
	at java.base/jdk.internal.reflect.DelegatingConstructorAccessorImpl.newInstance(DelegatingConstructorAccessorImpl.java:45)
	at java.base/java.lang.reflect.Constructor.newInstance(Constructor.java:490)
	at org.openqa.selenium.remote.codec.w3c.W3CHttpResponseCodec.createException(W3CHttpResponseCodec.java:200)
	at org.openqa.selenium.remote.codec.w3c.W3CHttpResponseCodec.decode(W3CHttpResponseCodec.java:133)
	at org.openqa.selenium.remote.codec.w3c.W3CHttpResponseCodec.decode(W3CHttpResponseCodec.java:52)
	at org.openqa.selenium.remote.HttpCommandExecutor.execute(HttpCommandExecutor.java:191)
	at org.openqa.selenium.remote.service.DriverCommandExecutor.invokeExecute(DriverCommandExecutor.java:196)
	at org.openqa.selenium.remote.service.DriverCommandExecutor.execute(DriverCommandExecutor.java:171)
	at org.openqa.selenium.remote.RemoteWebDriver.execute(RemoteWebDriver.java:518)
	at org.openqa.selenium.remote.RemoteWebElement.execute(RemoteWebElement.java:224)
	at org.openqa.selenium.remote.RemoteWebElement.click(RemoteWebElement.java:77)
	at java.base/jdk.internal.reflect.NativeMethodAccessorImpl.invoke0(Native Method)
	at java.base/jdk.internal.reflect.NativeMethodAccessorImpl.invoke(NativeMethodAccessorImpl.java:62)
	at java.base/jdk.internal.reflect.DelegatingMethodAccessorImpl.invoke(DelegatingMethodAccessorImpl.java:43)
	at java.base/java.lang.reflect.Method.invoke(Method.java:566)
	at org.openqa.selenium.support.pagefactory.internal.LocatingElementHandler.invoke(LocatingElementHandler.java:51)
	at com.sun.proxy.$Proxy45.click(Unknown Source)
	at PageObject.LoginPage.clickOnLogoutButton(LoginPage.java:46)
	at StepDefinition.StepDef.user_click_on_log_out_link(StepDef.java:146)
	at ✽.User click on Log out link(file:///C:/Cucumber/CucumberFramework/./Features/LoginFeature.feature:11)
</textarea>
      
      </div>
              </div>
              <div class="step pass-bg" title="AFTER_STEP">
                <span>StepDefinition.StepDef.addScreenshot(io.cucumber.java.Scenario)</span>
      <div>Successful Login with Valid Credentials
          <div class="row mb-3"><div class="col-md-3">
<img data-featherlight='../Screenshots/embedded2.png' src="../Screenshots/embedded2.png">
    
    </div></div>
</div>
      <div>
      </div>
              </div>
              <div class="step skip-bg" title="StepDefinition.StepDef.page_title_should_be(java.lang.String)">
                <span>Then Page Title should be "Your store. Login"</span>
      <div>Step skipped
      </div>
              </div>
              <div class="step skip-bg" title="StepDefinition.CloseStef.close_browser()">
                <span>And close browser</span>
      <div>Step skipped
      </div>
              </div>
          </div>
        </div>
  </div>
  <div class="card">
    <div class="card-header" role="tab">
      <div class="card-title">
        <div class="node" id="100"><span class="badge log fail-bg mr-2">Fail</span>Successful Login with Valid as well as Invalid Credentials DDT</div>
          <div class="status-avatar float-right mr-4">
            <i class="fa fa-paperclip"></i>
          </div>
      </div>
    </div>
        <div class="scenario_outline ">
            <div class="card-body l1">
              <div class="card-header">
                <div class="card-title outline-child">
                  <div class="node" id="101"><span class="badge log fail-bg mr-2">Fail</span>Successful Login with Valid as well as Invalid Credentials DDT</div>
                    <div class="status-avatar float-right">
                      <i class="fa fa-paperclip"></i>
                    </div>
                </div>
              </div>
              <div class="card-body mt-3 ">
                  <div class="step pass-bg">
                    <span>Given User Launch Chrome Browser</span>
      <div>
      </div>
                  </div>
                  <div class="step pass-bg">
                    <span>When User opens URL "https://admin-demo.nopcommerce.com/login"</span>
      <div>
      </div>
                  </div>
                  <div class="step pass-bg">
                    <span>And User enters Email as "admin@yourstore.com" and Password as "admin"</span>
      <div>
      </div>
                  </div>
                  <div class="step pass-bg">
                    <span>And Click on Login</span>
      <div>
      </div>
                  </div>
                  <div class="step pass-bg">
                    <span>Then Page Title should be "Dashboard / nopCommerce administration"</span>
      <div>
      </div>
                  </div>
                  <div class="step fail-bg">
                    <span>When User click on Log out link</span>
      <div>
        <textarea disabled class="code-block">org.openqa.selenium.ElementClickInterceptedException: element click intercepted: Element <a class="nav-link" href="/logout">...</a> is not clickable at point (914, 28). Other element would receive the click: <div id="ajaxBusy" style="display: block;">...</div>
  (Session info: chrome=124.0.6367.201)
Build info: version: '4.11.0', revision: '040bc5406b'
System info: os.name: 'Windows 10', os.arch: 'amd64', os.version: '10.0', java.version: '11.0.20'
Driver info: org.openqa.selenium.chrome.ChromeDriver
Command: [708cd87feb514afbfba18a21fe25c1d0, clickElement {id=f.DF536FF8720876FCC062DD1659AC2878.d.239E937132C214452274E0EF2EBF494F.e.25}]
Capabilities {acceptInsecureCerts: false, browserName: chrome, browserVersion: 124.0.6367.201, chrome: {chromedriverVersion: 124.0.6367.201 (46cf136d27d..., userDataDir: C:\Users\DELL\AppData\Local...}, fedcm:accounts: true, goog:chromeOptions: {debuggerAddress: localhost:51560}, networkConnectionEnabled: false, pageLoadStrategy: normal, platformName: windows, proxy: Proxy(), se:cdp: ws://localhost:51560/devtoo..., se:cdpVersion: 124.0.6367.201, setWindowRect: true, strictFileInteractability: false, timeouts: {implicit: 0, pageLoad: 300000, script: 30000}, unhandledPromptBehavior: dismiss and notify, webauthn:extension:credBlob: true, webauthn:extension:largeBlob: true, webauthn:extension:minPinLength: true, webauthn:extension:prf: true, webauthn:virtualAuthenticators: true}
Element: [[ChromeDriver: chrome on windows (708cd87feb514afbfba18a21fe25c1d0)] -> xpath: //a[text()='Logout']]
Session ID: 708cd87feb514afbfba18a21fe25c1d0
	at java.base/jdk.internal.reflect.NativeConstructorAccessorImpl.newInstance0(Native Method)
	at java.base/jdk.internal.reflect.NativeConstructorAccessorImpl.newInstance(NativeConstructorAccessorImpl.java:62)
	at java.base/jdk.internal.reflect.DelegatingConstructorAccessorImpl.newInstance(DelegatingConstructorAccessorImpl.java:45)
	at java.base/java.lang.reflect.Constructor.newInstance(Constructor.java:490)
	at org.openqa.selenium.remote.codec.w3c.W3CHttpResponseCodec.createException(W3CHttpResponseCodec.java:200)
	at org.openqa.selenium.remote.codec.w3c.W3CHttpResponseCodec.decode(W3CHttpResponseCodec.java:133)
	at org.openqa.selenium.remote.codec.w3c.W3CHttpResponseCodec.decode(W3CHttpResponseCodec.java:52)
	at org.openqa.selenium.remote.HttpCommandExecutor.execute(HttpCommandExecutor.java:191)
	at org.openqa.selenium.remote.service.DriverCommandExecutor.invokeExecute(DriverCommandExecutor.java:196)
	at org.openqa.selenium.remote.service.DriverCommandExecutor.execute(DriverCommandExecutor.java:171)
	at org.openqa.selenium.remote.RemoteWebDriver.execute(RemoteWebDriver.java:518)
	at org.openqa.selenium.remote.RemoteWebElement.execute(RemoteWebElement.java:224)
	at org.openqa.selenium.remote.RemoteWebElement.click(RemoteWebElement.java:77)
	at jdk.internal.reflect.GeneratedMethodAccessor5.invoke(Unknown Source)
	at java.base/jdk.internal.reflect.DelegatingMethodAccessorImpl.invoke(DelegatingMethodAccessorImpl.java:43)
	at java.base/java.lang.reflect.Method.invoke(Method.java:566)
	at org.openqa.selenium.support.pagefactory.internal.LocatingElementHandler.invoke(LocatingElementHandler.java:51)
	at com.sun.proxy.$Proxy45.click(Unknown Source)
	at PageObject.LoginPage.clickOnLogoutButton(LoginPage.java:46)
	at StepDefinition.StepDef.user_click_on_log_out_link(StepDef.java:146)
	at ✽.User click on Log out link(file:///C:/Cucumber/CucumberFramework/./Features/LoginFeature.feature:22)
</textarea>
      
      </div>
                  </div>
                  <div class="step pass-bg">
                    <span>StepDefinition.StepDef.addScreenshot(io.cucumber.java.Scenario)</span>
      <div>Successful Login with Valid as well as Invalid Credentials DDT
          <div class="row mb-3"><div class="col-md-3">
<img data-featherlight='../Screenshots/embedded3.png' src="../Screenshots/embedded3.png">
    
    </div></div>
</div>
      <div>
      </div>
                  </div>
                  <div class="step skip-bg">
                    <span>Then Page Title should be "Your store. Login"</span>
      <div>Step skipped
      </div>
                  </div>
                  <div class="step skip-bg">
                    <span>And close browser</span>
      <div>Step skipped
      </div>
                  </div>
              </div>
            </div>
            <div class="card-body l1">
              <div class="card-header">
                <div class="card-title outline-child">
                  <div class="node" id="119"><span class="badge log fail-bg mr-2">Fail</span>Successful Login with Valid as well as Invalid Credentials DDT</div>
                    <div class="status-avatar float-right">
                      <i class="fa fa-paperclip"></i>
                    </div>
                </div>
              </div>
              <div class="card-body mt-3 ">
                  <div class="step pass-bg">
                    <span>Given User Launch Chrome Browser</span>
      <div>
      </div>
                  </div>
                  <div class="step pass-bg">
                    <span>When User opens URL "https://admin-demo.nopcommerce.com/login"</span>
      <div>
      </div>
                  </div>
                  <div class="step pass-bg">
                    <span>And User enters Email as "test@yourstore.com" and Password as "admin"</span>
      <div>
      </div>
                  </div>
                  <div class="step pass-bg">
                    <span>And Click on Login</span>
      <div>
      </div>
                  </div>
                  <div class="step fail-bg">
                    <span>Then Page Title should be "Dashboard / nopCommerce administration"</span>
      <div>
        <textarea disabled class="code-block">java.lang.AssertionError
	at org.junit.Assert.fail(Assert.java:87)
	at org.junit.Assert.assertTrue(Assert.java:42)
	at org.junit.Assert.assertTrue(Assert.java:53)
	at StepDefinition.StepDef.page_title_should_be(StepDef.java:137)
	at ✽.Page Title should be "Dashboard / nopCommerce administration"(file:///C:/Cucumber/CucumberFramework/./Features/LoginFeature.feature:21)
</textarea>
      
      </div>
                  </div>
                  <div class="step pass-bg">
                    <span>StepDefinition.StepDef.addScreenshot(io.cucumber.java.Scenario)</span>
      <div>Successful Login with Valid as well as Invalid Credentials DDT
          <div class="row mb-3"><div class="col-md-3">
<img data-featherlight='../Screenshots/embedded4.png' src="../Screenshots/embedded4.png">
    
    </div></div>
</div>
      <div>
      </div>
                  </div>
                  <div class="step skip-bg">
                    <span>When User click on Log out link</span>
      <div>Step skipped
      </div>
                  </div>
                  <div class="step skip-bg">
                    <span>Then Page Title should be "Your store. Login"</span>
      <div>Step skipped
      </div>
                  </div>
                  <div class="step skip-bg">
                    <span>And close browser</span>
      <div>Step skipped
      </div>
                  </div>
              </div>
            </div>
        </div>
  </div>
</div>
          </div>
        </li>
      </ul>
    </div>
  </div>
<div class="test-content scrollable">
<div class="test-content-tools">
<ul><li><a class="back-to-test" href="#"><i class="fa fa-arrow-left"></i></a></li></ul>
</div>
<div class="test-content-detail"><div class="detail-body"></div></div>
</div></div>
<div class="test-wrapper row view exception-view attributes-view">
<div class="test-list">
<div class="test-list-tools">
<ul class="tools pull-left"><li><a href=""><span class="font-size-14">Exception</span></a></li></ul>
<ul class="tools text-right"><li><a href="#"><span class="badge badge-primary">2</span></a></li></ul>
</div>
<div class="test-list-wrapper scrollable">
<ul class="test-list-item">
<li class="test-item">
<div class="test-detail">
<span class="meta">
<span class='badge log badge-danger'>2</span>
</span>
<p class="name">org.openqa.selenium.ElementClickInterceptedException</p>
<p class="duration text-sm">2 tests</p>
</div>
<div class="test-contents d-none">
<div class="info">
<h4>org.openqa.selenium.ElementClickInterceptedException</h4>
<span status="fail" class='badge log badge-danger'>2 failed</span>
</div>
<table class='table table-sm mt-4'>
<thead>
<tr>
<th class="status-col">Status</th>
<th class="timestamp-col">Timestamp</th>
<th>TestName</th>
</tr>
</thead>
<tbody>
<tr class="tag-test-status" status="fail">
<td><span class="badge log fail-bg">Fail</span></td>
<td>13:38:11 PM</td>
<td>
<a href="#" class="linked" test-id='80' id='94'>When User click on Log out link</a>
<div class="">
<span class="badge badge-default">Login.Successful Login with Valid Credentials.When User click on Log out link</span>
</div>
</td>
</tr>
<tr class="tag-test-status" status="fail">
<td><span class="badge log fail-bg">Fail</span></td>
<td>13:38:38 PM</td>
<td>
<a href="#" class="linked" test-id='80' id='113'>When User click on Log out link</a>
<div class="">
<span class="badge badge-default">Login.Successful Login with Valid as well as Invalid Credentials DDT.When User click on Log out link</span>
</div>
</td>
</tr>
</tbody>
</table>
</div>
</li>
<li class="test-item">
<div class="test-detail">
<span class="meta">
<span class='badge log badge-danger'>2</span>
</span>
<p class="name">java.lang.AssertionError</p>
<p class="duration text-sm">2 tests</p>
</div>
<div class="test-contents d-none">
<div class="info">
<h4>java.lang.AssertionError</h4>
<span status="fail" class='badge log badge-danger'>2 failed</span>
</div>
<table class='table table-sm mt-4'>
<thead>
<tr>
<th class="status-col">Status</th>
<th class="timestamp-col">Timestamp</th>
<th>TestName</th>
</tr>
</thead>
<tbody>
<tr class="tag-test-status" status="fail">
<td><span class="badge log fail-bg">Fail</span></td>
<td>13:32:44 PM</td>
<td>
<a href="#" class="linked" test-id='1' id='26'>Then User can view confirmation message "The new customer has been added successfully."</a>
<div class="">
<span class="badge badge-default">Customers.Add New Customer.Then User can view confirmation message "The new customer has been added successfully."</span>
</div>
</td>
</tr>
<tr class="tag-test-status" status="fail">
<td><span class="badge log fail-bg">Fail</span></td>
<td>13:38:52 PM</td>
<td>
<a href="#" class="linked" test-id='80' id='129'>Then Page Title should be "Dashboard / nopCommerce administration"</a>
<div class="">
<span class="badge badge-default">Login.Successful Login with Valid as well as Invalid Credentials DDT.Then Page Title should be "Dashboard / nopCommerce administration"</span>
</div>
</td>
</tr>
</tbody>
</table>
</div>
</li>
</ul>
</div>
</div>
<div class="test-content scrollable">
<div class="test-content-detail">
<div class="detail-body"></div>
</div>
</div>
</div><div class="test-wrapper row view category-view attributes-view">
<div class="test-list">
<div class="test-list-tools">
<ul class="tools pull-left"><li><a href=""><span class="font-size-14">Category</span></a></li></ul>
<ul class="tools text-right"><li><a href="#"><span class="badge badge-primary">2</span></a></li></ul>
</div>
<div class="test-list-wrapper scrollable">
<ul class="test-list-item">
<li class="test-item">
<div class="test-detail">
<span class="meta">
<span class='badge log pass-bg'>1</span>
<span class='badge log badge-danger'>5</span>
</span>
<p class="name">@regression</p>
<p class="duration text-sm">6 tests</p>
</div>
<div class="test-contents d-none">
<div class="info">
<h4>@regression</h4>
<span status="pass" class='badge log pass-bg'>1 passed</span>
<span status="fail" class='badge log badge-danger'>5 failed</span>
</div>
<table class='table table-sm mt-4'>
<thead>
<tr>
<th class="status-col">Status</th>
<th class="timestamp-col">Timestamp</th>
<th>TestName</th>
</tr>
</thead>
<tbody>
<tr class="tag-test-status" status="fail">
<td><span class="badge log fail-bg">Fail</span></td>
<td>13:32:15 PM</td>
<td>
<a href="#" class="linked" test-id='1' id='2'>Add New Customer</a>
<div class="">
<span class="badge badge-default">Customers.Add New Customer</span>
</div>
</td>
</tr>
<tr class="tag-test-status" status="pass">
<td><span class="badge log pass-bg">Pass</span></td>
<td>13:36:54 PM</td>
<td>
<a href="#" class="linked" test-id='1' id='54'>Search Customer by Name</a>
<div class="">
<span class="badge badge-default">Customers.Search Customer by Name</span>
</div>
</td>
</tr>
<tr class="tag-test-status" status="fail">
<td><span class="badge log fail-bg">Fail</span></td>
<td>13:37:21 PM</td>
<td>
<a href="#" class="linked" test-id='80' id='81'>Successful Login with Valid Credentials</a>
<div class="">
<span class="badge badge-default">Login.Successful Login with Valid Credentials</span>
</div>
</td>
</tr>
<tr class="tag-test-status" status="fail">
<td><span class="badge log fail-bg">Fail</span></td>
<td>13:38:12 PM</td>
<td>
<a href="#" class="linked" test-id='80' id='100'>Successful Login with Valid as well as Invalid Credentials DDT</a>
<div class="">
<span class="badge badge-default">Login.Successful Login with Valid as well as Invalid Credentials DDT</span>
</div>
</td>
</tr>
<tr class="tag-test-status" status="fail">
<td><span class="badge log fail-bg">Fail</span></td>
<td>13:38:12 PM</td>
<td>
<a href="#" class="linked" test-id='80' id='101'>Successful Login with Valid as well as Invalid Credentials DDT</a>
<div class="">
<span class="badge badge-default">Login.Successful Login with Valid as well as Invalid Credentials DDT</span>
</div>
</td>
</tr>
<tr class="tag-test-status" status="fail">
<td><span class="badge log fail-bg">Fail</span></td>
<td>13:38:40 PM</td>
<td>
<a href="#" class="linked" test-id='80' id='119'>Successful Login with Valid as well as Invalid Credentials DDT</a>
<div class="">
<span class="badge badge-default">Login.Successful Login with Valid as well as Invalid Credentials DDT</span>
</div>
</td>
</tr>
</tbody>
</table>
</div>
</li>
<li class="test-item">
<div class="test-detail">
<span class="meta">
<span class='badge log pass-bg'>1</span>
<span class='badge log badge-danger'>1</span>
</span>
<p class="name">@Sanity</p>
<p class="duration text-sm">2 tests</p>
</div>
<div class="test-contents d-none">
<div class="info">
<h4>@Sanity</h4>
<span status="pass" class='badge log pass-bg'>1 passed</span>
<span status="fail" class='badge log badge-danger'>1 failed</span>
</div>
<table class='table table-sm mt-4'>
<thead>
<tr>
<th class="status-col">Status</th>
<th class="timestamp-col">Timestamp</th>
<th>TestName</th>
</tr>
</thead>
<tbody>
<tr class="tag-test-status" status="pass">
<td><span class="badge log pass-bg">Pass</span></td>
<td>13:32:45 PM</td>
<td>
<a href="#" class="linked" test-id='1' id='30'>Search Customer by Email</a>
<div class="">
<span class="badge badge-default">Customers.Search Customer by Email</span>
</div>
</td>
</tr>
<tr class="tag-test-status" status="fail">
<td><span class="badge log fail-bg">Fail</span></td>
<td>13:37:21 PM</td>
<td>
<a href="#" class="linked" test-id='80' id='81'>Successful Login with Valid Credentials</a>
<div class="">
<span class="badge badge-default">Login.Successful Login with Valid Credentials</span>
</div>
</td>
</tr>
</tbody>
</table>
</div>
</li>
</ul>
</div>
</div>
<div class="test-content scrollable">
<div class="test-content-detail">
<div class="detail-body"></div>
</div>
</div>
</div><div class="container-fluid p-4 view dashboard-view">
<div class="row">
<div class="col-md-3">
<div class="card"><div class="card-body">
<p class="m-b-0">Started</p>
<h3>May 13, 2024 01:32:12 PM</h3>
</div></div>
</div>
<div class="col-md-3">
<div class="card"><div class="card-body">
<p class="m-b-0">Ended</p>
<h3>May 13, 2024 01:38:53 PM</h3>
</div></div>
</div>
<div class="col-md-3">
<div class="card"><div class="card-body">
<p class="m-b-0 text-pass">Features Passed</p>
<h3>0</h3>
</div></div>
</div>
<div class="col-md-3">
<div class="card"><div class="card-body">
<p class="m-b-0 text-fail">Features Failed</p>
<h3>2</h3>
</div></div>
</div>
</div>
<div class="row">
<div class="col-md-4">
<div class="card">
<div class="card-header">
<h6 class="card-title">Features</h6>
</div>
<div class="card-body">
<div class="">
<canvas id='parent-analysis' width='115' height='90'></canvas>
</div>
</div>
<div class="card-footer">
<div><small data-tooltip='0%'>
<b>0</b> features passed
</small>
</div>
<div>
<small data-tooltip='100%'><b>2</b> features failed,
<b>0</b> skipped, <b data-tooltip='0%'>0</b> others
</small>
</div>
</div>
</div>
</div>
<div class="col-md-4">
<div class="card">
<div class="card-header">
<h6 class="card-title">Scenarios</h6>
</div>
<div class="card-body">
<div class="">
<canvas id='child-analysis' width='115' height='90'></canvas>
</div>
</div>
<div class="card-footer">
<div><small data-tooltip='33%'><b>2</b> scenarios passed</small></div>
<div>
<small data-tooltip='66%'><b>4</b> scenarios failed,
<b>0</b> skipped, <b data-tooltip='%'>0</b> others
</small>
</div>
</div>
</div>
</div>
<div class="col-md-4">
<div class="card">
<div class="card-header">
<h6 class="card-title">Steps</h6>
</div>
<div class="card-body">
<div class="">
<canvas id='grandchild-analysis' width='115' height='90'></canvas>
</div>
</div>
<div class="card-footer">
<div><small data-tooltip='81%'><b>52</b> steps passed</small></div>
<div>
<small data-tooltip='6%'><b>4</b> steps failed,
<b>8</b> skipped, <b data-tooltip='%'>0</b> others
</small>
</div>
</div>
</div>
</div>
</div>
<div class="row"><div class="col-md-12">
<div class="card"><div class="card-header"><p>Timeline</p></div>
<div class="card-body pt-0"><div>
<canvas id="timeline" height="120"></canvas>
</div></div>
</div>
</div></div>
<script>
var timeline = {
"Customers":306.034,"Login":92.035
};
</script>
<div class="row">
<div class="col-lg-6 col-md-12 category-container">
<div class="card">
<div class="card-header"><p>Tags</p></div>
<div class="card-body pb-0 pt-0"><table class="table table-sm table-bordered">
<thead><tr class="bg-gray"><th>Name</th><th>Passed</th><th>Failed</th><th>Skipped</th><th>Others</th><th>Passed %</th></tr></thead><tbody>
<tr>
<td>@regression</td>
<td>1</td>
<td>5</td>
<td>0</td>
<td>0</td>
<td>16.667%</td>
</tr>
<tr>
<td>@Sanity</td>
<td>1</td>
<td>1</td>
<td>0</td>
<td>0</td>
<td>50%</td>
</tr>
</tbody>
</table></div>
</div>
</div>
<div class="col-lg-6 col-md-12 sysenv-container">
<div class="card">
<div class="card-header"><p>System/Environment</p></div>
<div class="card-body pb-0 pt-0"><table class="table table-sm table-bordered">
<thead><tr class="bg-gray"><th>Name</th><th>Value</th></tr></thead>
<tbody>
<tr>
<td>AppName</td>
<td>CucumberFramework</td>
</tr>
<tr>
<td>user</td>
<td>Satyashri Pisal</td>
</tr>
<tr>
<td>build</td>
<td>0.1</td>
</tr>
</tbody>
</table></div>
</div>
</div>
</div>
</div>
<script>
var statusGroup = {
parentCount: 5,
passParent: 0,
failParent: 2,
warningParent: 0,
skipParent: 0,
childCount: 5,
passChild: 2,
failChild: 4,
warningChild: 0,
skipChild: 0,
infoChild: 0,
grandChildCount: 5,
passGrandChild: 52,
failGrandChild: 4,
warningGrandChild: 0,
skipGrandChild: 8,
infoGrandChild: 0,
eventsCount: 5,
};
</script>        </div>
      </div>
    </div>
  </div>
<script src="https://cdn.jsdelivr.net/gh/extent-framework/extent-github-cdn@d6562a79075e061305ccfdb82f01e5e195e2d307/spark/js/spark-script.js"></script>
<script type="text/javascript"></script></body>
</html>